<?xml version="1.0" encoding="UTF-8"?>
<!-- Generated by org.testng.reporters.JUnitReportReporter -->
<testsuite skipped="0" hostname="Mo-na-Milan" name="com.qa.testcases.LandingPageTest" tests="1" failures="0" timestamp="17 Jun 2021 18:24:22 GMT" time="0.037" errors="0">
  <testcase name="m1" time="0.037" classname="com.qa.testcases.LandingPageTest"/>
</testsuite> <!-- com.qa.testcases.LandingPageTest -->
